# JRE version: Java(TM) SE Runtime Environment (8.0_144-b01) (build 1.8.0_144-b01)
# Java VM: Java HotSpot(TM) 64-Bit Server VM (25.144-b01 mixed mode linux-amd64 compressed oops)
Heap:
 PSYoungGen      total 17408K, used 221K [0x00000000ed180000, 0x00000000ee480000, 0x0000000100000000)
  eden space 15360K, 1% used [0x00000000ed180000,0x00000000ed1b7478,0x00000000ee080000)
  from space 2048K, 0% used [0x00000000ee280000,0x00000000ee280000,0x00000000ee480000)
  to   space 2048K, 0% used [0x00000000ee080000,0x00000000ee080000,0x00000000ee280000)
 ParOldGen       total 38912K, used 9897K [0x00000000c7400000, 0x00000000c9a00000, 0x00000000ed180000)
  object space 38912K, 25% used [0x00000000c7400000,0x00000000c7daa408,0x00000000c9a00000)
 Metaspace       used 20419K, capacity 21268K, committed 21504K, reserved 1067008K
  class space    used 2849K, capacity 3036K, committed 3072K, reserved 1048576K
GC Heap History (10 events):
Event: 1,952 GC heap before
{Heap before GC invocations=1 (full 0):
 PSYoungGen      total 17408K, used 15360K [0x00000000ed180000, 0x00000000ee480000, 0x0000000100000000)
  eden space 15360K, 100% used [0x00000000ed180000,0x00000000ee080000,0x00000000ee080000)
  from space 2048K, 0% used [0x00000000ee280000,0x00000000ee280000,0x00000000ee480000)
  to   space 2048K, 0% used [0x00000000ee080000,0x00000000ee080000,0x00000000ee280000)
 ParOldGen       total 39936K, used 0K [0x00000000c7400000, 0x00000000c9b00000, 0x00000000ed180000)
  object space 39936K, 0% used [0x00000000c7400000,0x00000000c7400000,0x00000000c9b00000)
 Metaspace       used 11318K, capacity 11626K, committed 11776K, reserved 1058816K
  class space    used 1353K, capacity 1461K, committed 1536K, reserved 1048576K
Event: 1,958 GC heap after
Heap after GC invocations=1 (full 0):
 PSYoungGen      total 17408K, used 2016K [0x00000000ed180000, 0x00000000ee480000, 0x0000000100000000)
  eden space 15360K, 0% used [0x00000000ed180000,0x00000000ed180000,0x00000000ee080000)
  from space 2048K, 98% used [0x00000000ee080000,0x00000000ee278050,0x00000000ee280000)
  to   space 2048K, 0% used [0x00000000ee280000,0x00000000ee280000,0x00000000ee480000)
 ParOldGen       total 39936K, used 1734K [0x00000000c7400000, 0x00000000c9b00000, 0x00000000ed180000)
  object space 39936K, 4% used [0x00000000c7400000,0x00000000c75b1b80,0x00000000c9b00000)
 Metaspace       used 11318K, capacity 11626K, committed 11776K, reserved 1058816K
  class space    used 1353K, capacity 1461K, committed 1536K, reserved 1048576K
}
Event: 2,809 GC heap before
{Heap before GC invocations=2 (full 0):
 PSYoungGen      total 17408K, used 17376K [0x00000000ed180000, 0x00000000ee480000, 0x0000000100000000)
  eden space 15360K, 100% used [0x00000000ed180000,0x00000000ee080000,0x00000000ee080000)
  from space 2048K, 98% used [0x00000000ee080000,0x00000000ee278050,0x00000000ee280000)
  to   space 2048K, 0% used [0x00000000ee280000,0x00000000ee280000,0x00000000ee480000)
 ParOldGen       total 39936K, used 1734K [0x00000000c7400000, 0x00000000c9b00000, 0x00000000ed180000)
  object space 39936K, 4% used [0x00000000c7400000,0x00000000c75b1b80,0x00000000c9b00000)
 Metaspace       used 15750K, capacity 16268K, committed 16384K, reserved 1062912K
  class space    used 2131K, capacity 2278K, committed 2304K, reserved 1048576K
Event: 2,818 GC heap after
Heap after GC invocations=2 (full 0):
 PSYoungGen      total 17408K, used 2032K [0x00000000ed180000, 0x00000000ee480000, 0x0000000100000000)
  eden space 15360K, 0% used [0x00000000ed180000,0x00000000ed180000,0x00000000ee080000)
  from space 2048K, 99% used [0x00000000ee280000,0x00000000ee47c030,0x00000000ee480000)
  to   space 2048K, 0% used [0x00000000ee080000,0x00000000ee080000,0x00000000ee280000)
 ParOldGen       total 39936K, used 4300K [0x00000000c7400000, 0x00000000c9b00000, 0x00000000ed180000)
  object space 39936K, 10% used [0x00000000c7400000,0x00000000c7833320,0x00000000c9b00000)
 Metaspace       used 15750K, capacity 16268K, committed 16384K, reserved 1062912K
  class space    used 2131K, capacity 2278K, committed 2304K, reserved 1048576K
}
Event: 5,109 GC heap before
{Heap before GC invocations=3 (full 0):
 PSYoungGen      total 17408K, used 17392K [0x00000000ed180000, 0x00000000ee480000, 0x0000000100000000)
  eden space 15360K, 100% used [0x00000000ed180000,0x00000000ee080000,0x00000000ee080000)
  from space 2048K, 99% used [0x00000000ee280000,0x00000000ee47c030,0x00000000ee480000)
  to   space 2048K, 0% used [0x00000000ee080000,0x00000000ee080000,0x00000000ee280000)
 ParOldGen       total 39936K, used 4300K [0x00000000c7400000, 0x00000000c9b00000, 0x00000000ed180000)
  object space 39936K, 10% used [0x00000000c7400000,0x00000000c7833320,0x00000000c9b00000)
 Metaspace       used 19701K, capacity 20408K, committed 20736K, reserved 1067008K
  class space    used 2817K, capacity 2990K, committed 3072K, reserved 1048576K
Event: 5,122 GC heap after
Heap after GC invocations=3 (full 0):
 PSYoungGen      total 17408K, used 2016K [0x00000000ed180000, 0x00000000ee480000, 0x0000000100000000)
  eden space 15360K, 0% used [0x00000000ed180000,0x00000000ed180000,0x00000000ee080000)
  from space 2048K, 98% used [0x00000000ee080000,0x00000000ee278030,0x00000000ee280000)
  to   space 2048K, 0% used [0x00000000ee280000,0x00000000ee280000,0x00000000ee480000)
 ParOldGen       total 39936K, used 7920K [0x00000000c7400000, 0x00000000c9b00000, 0x00000000ed180000)
  object space 39936K, 19% used [0x00000000c7400000,0x00000000c7bbc3e0,0x00000000c9b00000)
 Metaspace       used 19701K, capacity 20408K, committed 20736K, reserved 1067008K
  class space    used 2817K, capacity 2990K, committed 3072K, reserved 1048576K
}
Event: 19,782 GC heap before
{Heap before GC invocations=4 (full 0):
 PSYoungGen      total 17408K, used 6276K [0x00000000ed180000, 0x00000000ee480000, 0x0000000100000000)
  eden space 15360K, 27% used [0x00000000ed180000,0x00000000ed5a9328,0x00000000ee080000)
  from space 2048K, 98% used [0x00000000ee080000,0x00000000ee278030,0x00000000ee280000)
  to   space 2048K, 0% used [0x00000000ee280000,0x00000000ee280000,0x00000000ee480000)
 ParOldGen       total 39936K, used 7920K [0x00000000c7400000, 0x00000000c9b00000, 0x00000000ed180000)
  object space 39936K, 19% used [0x00000000c7400000,0x00000000c7bbc3e0,0x00000000c9b00000)
 Metaspace       used 20419K, capacity 21204K, committed 21248K, reserved 1067008K
  class space    used 2849K, capacity 3036K, committed 3072K, reserved 1048576K
Event: 19,791 GC heap after
Heap after GC invocations=4 (full 0):
 PSYoungGen      total 17408K, used 1248K [0x00000000ed180000, 0x00000000ee480000, 0x0000000100000000)
  eden space 15360K, 0% used [0x00000000ed180000,0x00000000ed180000,0x00000000ee080000)
  from space 2048K, 60% used [0x00000000ee280000,0x00000000ee3b8020,0x00000000ee480000)
  to   space 2048K, 0% used [0x00000000ee080000,0x00000000ee080000,0x00000000ee280000)
 ParOldGen       total 39936K, used 8952K [0x00000000c7400000, 0x00000000c9b00000, 0x00000000ed180000)
  object space 39936K, 22% used [0x00000000c7400000,0x00000000c7cbe3f0,0x00000000c9b00000)
 Metaspace       used 20419K, capacity 21204K, committed 21248K, reserved 1067008K
  class space    used 2849K, capacity 3036K, committed 3072K, reserved 1048576K
}
Event: 19,791 GC heap before
{Heap before GC invocations=5 (full 1):
 PSYoungGen      total 17408K, used 1248K [0x00000000ed180000, 0x00000000ee480000, 0x0000000100000000)
  eden space 15360K, 0% used [0x00000000ed180000,0x00000000ed180000,0x00000000ee080000)
  from space 2048K, 60% used [0x00000000ee280000,0x00000000ee3b8020,0x00000000ee480000)
  to   space 2048K, 0% used [0x00000000ee080000,0x00000000ee080000,0x00000000ee280000)
 ParOldGen       total 39936K, used 8952K [0x00000000c7400000, 0x00000000c9b00000, 0x00000000ed180000)
  object space 39936K, 22% used [0x00000000c7400000,0x00000000c7cbe3f0,0x00000000c9b00000)
 Metaspace       used 20419K, capacity 21204K, committed 21248K, reserved 1067008K
  class space    used 2849K, capacity 3036K, committed 3072K, reserved 1048576K
Event: 19,920 GC heap after
Heap after GC invocations=5 (full 1):
 PSYoungGen      total 17408K, used 0K [0x00000000ed180000, 0x00000000ee480000, 0x0000000100000000)
  eden space 15360K, 0% used [0x00000000ed180000,0x00000000ed180000,0x00000000ee080000)
  from space 2048K, 0% used [0x00000000ee280000,0x00000000ee280000,0x00000000ee480000)
  to   space 2048K, 0% used [0x00000000ee080000,0x00000000ee080000,0x00000000ee280000)
 ParOldGen       total 38912K, used 9897K [0x00000000c7400000, 0x00000000c9a00000, 0x00000000ed180000)
  object space 38912K, 25% used [0x00000000c7400000,0x00000000c7daa408,0x00000000c9a00000)
 Metaspace       used 20419K, capacity 21204K, committed 21248K, reserved 1067008K
  class space    used 2849K, capacity 3036K, committed 3072K, reserved 1048576K
}

